2026-03-03 12:25:00.256 IST [29552] LOG:  starting PostgreSQL 18.1 on x86_64-windows, compiled by msvc-19.44.35219, 64-bit
2026-03-03 12:25:00.259 IST [29552] LOG:  listening on IPv6 address "::1", port 5431
2026-03-03 12:25:00.259 IST [29552] LOG:  listening on IPv4 address "127.0.0.1", port 5431
2026-03-03 12:25:00.305 IST [19568] LOG:  database system was shut down at 2026-03-03 12:24:43 IST
2026-03-03 12:25:00.312 IST [29552] LOG:  database system is ready to accept connections
2026-03-03 12:25:36.089 IST [19616] ERROR:  unsafe use of new value "FAN" of enum type "Role" at character 1316
2026-03-03 12:25:36.089 IST [19616] HINT:  New enum values must be committed before they can be used.
2026-03-03 12:25:36.089 IST [19616] STATEMENT:  -- Fan Club (RealVerse Fan) schema
	-- This migration is designed for fresh DBs created from prior migrations.
	
	-- AlterEnum - Add FAN to Role enum FIRST before using it
	DO $$ BEGIN
	    ALTER TYPE "Role" ADD VALUE IF NOT EXISTS 'FAN';
	EXCEPTION
	    WHEN duplicate_object THEN null;
	END $$;
	
	-- CreateEnum
	CREATE TYPE "FanAccountStatus" AS ENUM ('ACTIVE', 'SUSPENDED');
	
	-- CreateEnum
	CREATE TYPE "FanCenterPreference" AS ENUM ('THREELOK', 'DEPOT18', 'BLITZZ', 'TRONIC');
	
	-- CreateEnum
	CREATE TYPE "RewardCampaignType" AS ENUM ('STATIC', 'DYNAMIC_ROLLING');
	
	-- CreateEnum
	CREATE TYPE "CouponCodeType" AS ENUM ('SINGLE_USE', 'MULTI_USE');
	
	-- CreateEnum
	CREATE TYPE "CouponDiscountType" AS ENUM ('PERCENT', 'FLAT', 'FREEBIE');
	
	-- CreateEnum
	CREATE TYPE "CouponRedemptionStatus" AS ENUM ('REDEEMED', 'REVOKED');
	
	-- CreateEnum
	CREATE TYPE "FanGameType" AS ENUM ('QUIZ', 'PREDICT_SCORE', 'SPIN', 'COLLECT', 'STREAK');
	
	-- CreateEnum
	CREATE TYPE "FanConversionLeadStatus" AS ENUM ('NEW', 'CONTACTED', 'CONVERTED', 'DROPPED');
	
	-- CreateEnum
	CREATE TYPE "FanProgramInterest" AS ENUM ('EPP', 'SCP', 'WPP', 'FYDP');
	
	-- CreateTable
	CREATE TABLE "FanUser" (
	    "id" SERIAL NOT NULL,
	    "email" TEXT NOT NULL,
	    "passwordHash" TEXT NOT NULL,
	    "role" "Role" NOT NULL DEFAULT 'FAN',
	    "status" "FanAccountStatus" NOT NULL DEFAULT 'ACTIVE',
	    "createdAt" TIMESTAMP(3) NOT NULL DEFAULT CURRENT_TIMESTAMP,
	    "updatedAt" TIMESTAMP(3) NOT NULL DEFAULT CURRENT_TIMESTAMP,
	
	    CONSTRAINT "FanUser_pkey" PRIMARY KEY ("id")
	);
	
	-- CreateTable
	CREATE TABLE "FanTier" (
	    "id" SERIAL NOT NULL,
	    "name" TEXT NOT NULL,
	    "monthlyPriceINR" INTEGER NOT NULL,
	    "yearlyPriceINR" INTEGER NOT NULL,
	    "benefitsJson" JSONB NOT NULL DEFAULT '[]'::jsonb,
	    "featureFlags" JSONB NOT NULL DEFAULT '{}'::jsonb,
	    "sortOrder" INTEGER NOT NULL DEFAULT 0,
	    "isActive" BOOLEAN NOT NULL DEFAULT true,
	    "createdAt" TIMESTAMP(3) NOT NULL DEFAULT CURRENT_TIMESTAMP,
	    "updatedAt" TIMESTAMP(3) NOT NULL DEFAULT CURRENT_TIMESTAMP,
	
	    CONSTRAINT "FanTier_pkey" PRIMARY KEY ("id")
	);
	
	-- CreateTable
	CREATE TABLE "FanProfile" (
	    "id" SERIAL NOT NULL,
	    "userId" INTEGER NOT NULL,
	    "fullName" TEXT NOT NULL,
	    "phone" TEXT,
	    "city" TEXT,
	    "centerPreference" "FanCenterPreference",
	    "tierId" INTEGER,
	    "points" INTEGER NOT NULL DEFAULT 0,
	    "badges" TEXT[] NOT NULL DEFAULT ARRAY[]::TEXT[],
	    "streakDays" INTEGER NOT NULL DEFAULT 0,
	    "joinedAt" TIMESTAMP(3) NOT NULL DEFAULT CURRENT_TIMESTAMP,
	    "createdAt" TIMESTAMP(3) NOT NULL DEFAULT CURRENT_TIMESTAMP,
	    "updatedAt" TIMESTAMP(3) NOT NULL DEFAULT CURRENT_TIMESTAMP,
	
	    CONSTRAINT "FanProfile_pkey" PRIMARY KEY ("id")
	);
	
	-- CreateTable
	CREATE TABLE "FanSponsor" (
	    "id" SERIAL NOT NULL,
	    "name" TEXT NOT NULL,
	    "logoAssetKey" TEXT NOT NULL,
	    "brandPrimary" TEXT NOT NULL,
	    "brandSecondary" TEXT NOT NULL,
	    "description" TEXT,
	    "isActive" BOOLEAN NOT NULL DEFAULT true,
	    "createdAt" TIMESTAMP(3) NOT NULL DEFAULT CURRENT_TIMESTAMP,
	    "updatedAt" TIMESTAMP(3) NOT NULL DEFAULT CURRENT_TIMESTAMP,
	
	    CONSTRAINT "FanSponsor_pkey" PRIMARY KEY ("id")
	);
	
	-- CreateTable
	CREATE TABLE "RewardCampaign" (
	    "id" SERIAL NOT NULL,
	    "sponsorId" INTEGER NOT NULL,
	    "title" TEXT NOT NULL,
	    "type" "RewardCampaignType" NOT NULL DEFAULT 'STATIC',
	    "copy" TEXT NOT NULL,
	    "rulesJson" JSONB,
	    "validFrom" TIMESTAMP(3),
	    "validTo" TIMESTAMP(3),
	    "tierEligibility" INTEGER[] NOT NULL DEFAULT ARRAY[]::INTEGER[],
	    "isActive" BOOLEAN NOT NULL DEFAULT true,
	    "priority" INTEGER NOT NULL DEFAULT 0,
	    "createdAt" TIMESTAMP(3) NOT NULL DEFAULT CURRENT_TIMESTAMP,
	    "updatedAt" TIMESTAMP(3) NOT NULL DEFAULT CURRENT_TIMESTAMP,
	
	    CONSTRAINT "RewardCampaign_pkey" PRIMARY KEY ("id")
	);
	
	-- CreateTable
	CREATE TABLE "CouponPool" (
	    "id" SERIAL NOT NULL,
	    "sponsorId" INTEGER NOT NULL,
	    "name" TEXT NOT NULL,
	    "codeType" "CouponCodeType" NOT NULL,
	    "multiUseCode" TEXT,
	    "discountType" "CouponDiscountType" NOT NULL,
	    "discountValue" INTEGER NOT NULL,
	    "conditionsText" TEXT NOT NULL,
	    "tierEligibility" INTEGER[] NOT NULL DEFAULT ARRAY[]::INTEGER[],
	    "maxRedemptions" INTEGER,
	    "expiresAt" TIMESTAMP(3),
	    "isActive" BOOLEAN NOT NULL DEFAULT true,
	    "createdAt" TIMESTAMP(3) NOT NULL DEFAULT CURRENT_TIMESTAMP,
	    "updatedAt" TIMESTAMP(3) NOT NULL DEFAULT CURRENT_TIMESTAMP,
	
	    CONSTRAINT "CouponPool_pkey" PRIMARY KEY ("id")
	);
	
	-- CreateTable
	CREATE TABLE "CouponCode" (
	    "id" SERIAL NOT NULL,
	    "couponPoolId" INTEGER NOT NULL,
	    "code" TEXT NOT NULL,
	    "isUsed" BOOLEAN NOT NULL DEFAULT false,
	    "usedAt" TIMESTAMP(3),
	    "createdAt" TIMESTAMP(3) NOT NULL DEFAULT CURRENT_TIMESTAMP,
	
	    CONSTRAINT "CouponCode_pkey" PRIMARY KEY ("id")
	);
	
	-- CreateTable
	CREATE TABLE "CouponRedemption" (
	    "id" SERIAL NOT NULL,
	    "fanId" INTEGER NOT NULL,
	    "couponPoolId" INTEGER NOT NULL,
	    "codeUsed" TEXT NOT NULL,
	    "redeemedAt" TIMESTAMP(3) NOT NULL DEFAULT CURRENT_TIMESTAMP,
	    "status" "CouponRedemptionStatus" NOT NULL DEFAULT 'REDEEMED',
	
	    CONSTRAINT "CouponRedemption_pkey" PRIMARY KEY ("id")
	);
	
	-- CreateTable
	CREATE TABLE "FanQuest" (
	    "id" SERIAL NOT NULL,
	    "title" TEXT NOT NULL,
	    "description" TEXT NOT NULL,
	    "pointsReward" INTEGER NOT NULL DEFAULT 0,
	    "badgeReward" TEXT,
	    "unlockRule" TEXT,
	    "tierEligibility" INTEGER[] NOT NULL DEFAULT ARRAY[]::INTEGER[],
	    "isActive" BOOLEAN NOT NULL DEFAULT true,
	    "createdAt" TIMESTAMP(3) NOT NULL DEFAULT CURRENT_TIMESTAMP,
	    "updatedAt" TIMESTAMP(3) NOT NULL DEFAULT CURRENT_TIMESTAMP,
	
	    CONSTRAINT "FanQuest_pkey" PRIMARY KEY ("id")
	);
	
	-- CreateTable
	CREATE TABLE "FanGameSession" (
	    "id" SERIAL NOT NULL,
	    "fanId" INTEGER NOT NULL,
	    "gameType" "FanGameType" NOT NULL,
	    "input" JSONB,
	    "result" JSONB,
	    "pointsEarned" INTEGER NOT NULL DEFAULT 0,
	    "createdAt" TIMESTAMP(3) NOT NULL DEFAULT CURRENT_TIMESTAMP,
	
	    CONSTRAINT "FanGameSession_pkey" PRIMARY KEY ("id")
	);
	
	-- CreateTable
	CREATE TABLE "FanConversionLead" (
	    "id" SERIAL NOT NULL,
	    "fanId" INTEGER NOT NULL,
	    "programInterest" "FanProgramInterest" NOT NULL,
	    "status" "FanConversionLeadStatus" NOT NULL DEFAULT 'NEW',
	    "notes" TEXT,
	    "createdAt" TIMESTAMP(3) NOT NULL DEFAULT CURRENT_TIMESTAMP,
	    "updatedAt" TIMESTAMP(3) NOT NULL DEFAULT CURRENT_TIMESTAMP,
	
	    CONSTRAINT "FanConversionLead_pkey" PRIMARY KEY ("id")
	);
	
	-- CreateTable
	CREATE TABLE "AuditLog" (
	    "id" SERIAL NOT NULL,
	    "actorAdminId" INTEGER NOT NULL,
	    "action" TEXT NOT NULL,
	    "entityType" TEXT NOT NULL,
	    "entityId" TEXT NOT NULL,
	    "before" JSONB,
	    "after" JSONB,
	    "createdAt" TIMESTAMP(3) NOT NULL DEFAULT CURRENT_TIMESTAMP,
	
	    CONSTRAINT "AuditLog_pkey" PRIMARY KEY ("id")
	);
	
	-- CreateIndex
	CREATE UNIQUE INDEX "FanUser_email_key" ON "FanUser"("email");
	CREATE INDEX "FanUser_role_idx" ON "FanUser"("role");
	CREATE INDEX "FanUser_status_idx" ON "FanUser"("status");
	
	-- CreateIndex
	CREATE UNIQUE INDEX "FanTier_name_key" ON "FanTier"("name");
	CREATE INDEX "FanTier_isActive_idx" ON "FanTier"("isActive");
	CREATE INDEX "FanTier_sortOrder_idx" ON "FanTier"("sortOrder");
	
	-- CreateIndex
	CREATE UNIQUE INDEX "FanProfile_userId_key" ON "FanProfile"("userId");
	CREATE INDEX "FanProfile_tierId_idx" ON "FanProfile"("tierId");
	CREATE INDEX "FanProfile_joinedAt_idx" ON "FanProfile"("joinedAt");
	
	-- CreateIndex
	CREATE UNIQUE INDEX "FanSponsor_name_key" ON "FanSponsor"("name");
	CREATE INDEX "FanSponsor_isActive_idx" ON "FanSponsor"("isActive");
	
	-- CreateIndex
	CREATE INDEX "RewardCampaign_sponsorId_idx" ON "RewardCampaign"("sponsorId");
	CREATE INDEX "RewardCampaign_isActive_idx" ON "RewardCampaign"("isActive");
	CREATE INDEX "RewardCampaign_priority_idx" ON "RewardCampaign"("priority");
	
	-- CreateIndex
	CREATE INDEX "CouponPool_sponsorId_idx" ON "CouponPool"("sponsorId");
	CREATE INDEX "CouponPool_isActive_idx" ON "CouponPool"("isActive");
	CREATE INDEX "CouponPool_expiresAt_idx" ON "CouponPool"("expiresAt");
	
	-- CreateIndex
	CREATE UNIQUE INDEX "CouponCode_couponPoolId_code_key" ON "CouponCode"("couponPoolId", "code");
	CREATE INDEX "CouponCode_couponPoolId_idx" ON "CouponCode"("couponPoolId");
	CREATE INDEX "CouponCode_isUsed_idx" ON "CouponCode"("isUsed");
	
	-- CreateIndex
	CREATE INDEX "CouponRedemption_fanId_idx" ON "CouponRedemption"("fanId");
	CREATE INDEX "CouponRedemption_couponPoolId_idx" ON "CouponRedemption"("couponPoolId");
	CREATE INDEX "CouponRedemption_redeemedAt_idx" ON "CouponRedemption"("redeemedAt");
	CREATE UNIQUE INDEX "CouponRedemption_fanId_couponPoolId_key" ON "CouponRedemption"("fanId", "couponPoolId");
	
	-- CreateIndex
	CREATE INDEX "FanQuest_isActive_idx" ON "FanQuest"("isActive");
	
	-- CreateIndex
	CREATE INDEX "FanGameSession_fanId_idx" ON "FanGameSession"("fanId");
	CREATE INDEX "FanGameSession_gameType_idx" ON "FanGameSession"("gameType");
	CREATE INDEX "FanGameSession_createdAt_idx" ON "FanGameSession"("createdAt");
	
	-- CreateIndex
	CREATE INDEX "FanConversionLead_fanId_idx" ON "FanConversionLead"("fanId");
	CREATE INDEX "FanConversionLead_programInterest_idx" ON "FanConversionLead"("programInterest");
	CREATE INDEX "FanConversionLead_status_idx" ON "FanConversionLead"("status");
	CREATE INDEX "FanConversionLead_createdAt_idx" ON "FanConversionLead"("createdAt");
	
	-- CreateIndex
	CREATE INDEX "AuditLog_actorAdminId_idx" ON "AuditLog"("actorAdminId");
	CREATE INDEX "AuditLog_entityType_idx" ON "AuditLog"("entityType");
	CREATE INDEX "AuditLog_createdAt_idx" ON "AuditLog"("createdAt");
	
	-- AddForeignKey
	ALTER TABLE "FanProfile" ADD CONSTRAINT "FanProfile_userId_fkey" FOREIGN KEY ("userId") REFERENCES "FanUser"("id") ON DELETE CASCADE ON UPDATE CASCADE;
	ALTER TABLE "FanProfile" ADD CONSTRAINT "FanProfile_tierId_fkey" FOREIGN KEY ("tierId") REFERENCES "FanTier"("id") ON DELETE SET NULL ON UPDATE CASCADE;
	
	ALTER TABLE "RewardCampaign" ADD CONSTRAINT "RewardCampaign_sponsorId_fkey" FOREIGN KEY ("sponsorId") REFERENCES "FanSponsor"("id") ON DELETE CASCADE ON UPDATE CASCADE;
	
	ALTER TABLE "CouponPool" ADD CONSTRAINT "CouponPool_sponsorId_fkey" FOREIGN KEY ("sponsorId") REFERENCES "FanSponsor"("id") ON DELETE CASCADE ON UPDATE CASCADE;
	
	ALTER TABLE "CouponCode" ADD CONSTRAINT "CouponCode_couponPoolId_fkey" FOREIGN KEY ("couponPoolId") REFERENCES "CouponPool"("id") ON DELETE CASCADE ON UPDATE CASCADE;
	
	ALTER TABLE "CouponRedemption" ADD CONSTRAINT "CouponRedemption_fanId_fkey" FOREIGN KEY ("fanId") REFERENCES "FanProfile"("id") ON DELETE CASCADE ON UPDATE CASCADE;
	ALTER TABLE "CouponRedemption" ADD CONSTRAINT "CouponRedemption_couponPoolId_fkey" FOREIGN KEY ("couponPoolId") REFERENCES "CouponPool"("id") ON DELETE RESTRICT ON UPDATE CASCADE;
	
	ALTER TABLE "FanGameSession" ADD CONSTRAINT "FanGameSession_fanId_fkey" FOREIGN KEY ("fanId") REFERENCES "FanProfile"("id") ON DELETE CASCADE ON UPDATE CASCADE;
	
	ALTER TABLE "FanConversionLead" ADD CONSTRAINT "FanConversionLead_fanId_fkey" FOREIGN KEY ("fanId") REFERENCES "FanProfile"("id") ON DELETE CASCADE ON UPDATE CASCADE;
	
	
	
2026-03-03 12:30:00.311 IST [25864] LOG:  checkpoint starting: time
2026-03-03 12:32:35.512 IST [25864] LOG:  checkpoint complete: wrote 1394 buffers (8.5%), wrote 3 SLRU buffers; 0 WAL file(s) added, 0 removed, 1 recycled; write=154.160 s, sync=0.960 s, total=155.202 s; sync files=1018, longest=0.005 s, average=0.001 s; distance=9152 kB, estimate=9152 kB; lsn=0/20E1688, redo lsn=0/20E15F8
2026-03-06 00:20:09.657 IST [37260] LOG:  could not receive data from client: An existing connection was forcibly closed by the remote host.
	
2026-03-06 00:20:11.080 IST [34416] LOG:  could not receive data from client: An existing connection was forcibly closed by the remote host.
	
2026-03-06 00:24:04.311 IST [47044] LOG:  could not receive data from client: An existing connection was forcibly closed by the remote host.
	
2026-03-06 00:24:13.398 IST [30452] LOG:  could not receive data from client: An existing connection was forcibly closed by the remote host.
	
2026-03-06 00:45:12.400 IST [36184] LOG:  could not receive data from client: An existing connection was forcibly closed by the remote host.
	
2026-03-06 00:45:12.400 IST [37080] LOG:  could not receive data from client: An existing connection was forcibly closed by the remote host.
	
2026-03-06 00:45:12.400 IST [22268] LOG:  could not receive data from client: An existing connection was forcibly closed by the remote host.
	
2026-03-06 00:45:12.400 IST [28084] LOG:  could not receive data from client: An existing connection was forcibly closed by the remote host.
	
2026-03-06 00:45:12.400 IST [28888] LOG:  could not receive data from client: An existing connection was forcibly closed by the remote host.
	
2026-03-06 00:45:12.401 IST [43652] LOG:  could not receive data from client: An existing connection was forcibly closed by the remote host.
	
2026-03-06 12:23:13.266 IST [2800] LOG:  starting PostgreSQL 18.1 on x86_64-windows, compiled by msvc-19.44.35219, 64-bit
2026-03-06 12:23:13.269 IST [2800] LOG:  listening on IPv6 address "::1", port 5431
2026-03-06 12:23:13.269 IST [2800] LOG:  listening on IPv4 address "127.0.0.1", port 5431
2026-03-06 12:23:13.318 IST [35588] LOG:  database system was interrupted; last known up at 2026-03-03 12:32:35 IST
2026-03-06 12:23:14.354 IST [35588] LOG:  database system was not properly shut down; automatic recovery in progress
2026-03-06 12:23:14.366 IST [35588] LOG:  redo starts at 0/20E15F8
2026-03-06 12:23:14.366 IST [35588] LOG:  invalid record length at 0/20E1738: expected at least 24, got 0
2026-03-06 12:23:14.366 IST [35588] LOG:  redo done at 0/20E1700 system usage: CPU: user: 0.00 s, system: 0.00 s, elapsed: 0.00 s
2026-03-06 12:23:14.384 IST [33568] LOG:  checkpoint starting: end-of-recovery immediate wait
2026-03-06 12:23:14.399 IST [33568] LOG:  checkpoint complete: wrote 0 buffers (0.0%), wrote 3 SLRU buffers; 0 WAL file(s) added, 0 removed, 0 recycled; write=0.002 s, sync=0.003 s, total=0.032 s; sync files=2, longest=0.002 s, average=0.002 s; distance=0 kB, estimate=0 kB; lsn=0/20E1738, redo lsn=0/20E1738
2026-03-06 12:23:14.412 IST [2800] LOG:  database system is ready to accept connections
2026-03-06 12:41:30.386 IST [38324] LOG:  could not receive data from client: An existing connection was forcibly closed by the remote host.
	
2026-03-06 12:42:25.593 IST [38488] LOG:  could not receive data from client: An existing connection was forcibly closed by the remote host.
	
2026-03-06 12:43:14.436 IST [33568] LOG:  checkpoint starting: time
2026-03-06 12:43:17.456 IST [33568] LOG:  checkpoint complete: wrote 25 buffers (0.2%), wrote 1 SLRU buffers; 0 WAL file(s) added, 0 removed, 0 recycled; write=2.732 s, sync=0.265 s, total=3.021 s; sync files=17, longest=0.052 s, average=0.016 s; distance=3 kB, estimate=3 kB; lsn=0/20E23E8, redo lsn=0/20E2390
2026-03-06 12:43:50.725 IST [39184] ERROR:  duplicate key value violates unique constraint "Student_email_key"
2026-03-06 12:43:50.725 IST [39184] DETAIL:  Key (email)=(roshan@fcrb.com) already exists.
2026-03-06 12:43:50.725 IST [39184] STATEMENT:  INSERT INTO "public"."Student" ("fullName","dateOfBirth","phoneNumber","parentName","parentPhoneNumber","email","centerId","joiningDate","programType","monthlyFeeAmount","status","createdAt","updatedAt","passwordHash","paymentFrequency","walletBalance") VALUES ($1,$2,$3,$4,$5,$6,$7,$8,$9,$10,CAST($11::text AS "public"."StudentStatus"),$12,$13,$14,$15,$16) RETURNING "public"."Student"."id", "public"."Student"."fullName", "public"."Student"."dateOfBirth", "public"."Student"."phoneNumber", "public"."Student"."parentName", "public"."Student"."parentPhoneNumber", "public"."Student"."email", "public"."Student"."centerId", "public"."Student"."joiningDate", "public"."Student"."programType", "public"."Student"."monthlyFeeAmount", "public"."Student"."status"::text, "public"."Student"."createdAt", "public"."Student"."updatedAt", "public"."Student"."passwordHash", "public"."Student"."paymentFrequency", "public"."Student"."churnedDate", "public"."Student"."lastFeeDeduction", "public"."Student"."walletBalance"
2026-03-06 12:48:14.481 IST [33568] LOG:  checkpoint starting: time
2026-03-06 12:48:18.819 IST [33568] LOG:  checkpoint complete: wrote 31 buffers (0.2%), wrote 1 SLRU buffers; 0 WAL file(s) added, 0 removed, 0 recycled; write=4.047 s, sync=0.224 s, total=4.339 s; sync files=25, longest=0.050 s, average=0.009 s; distance=10 kB, estimate=10 kB; lsn=0/20E4EB0, redo lsn=0/20E4E20
2026-03-06 12:56:42.629 IST [46792] LOG:  could not receive data from client: An existing connection was forcibly closed by the remote host.
	
2026-03-06 12:56:42.629 IST [6936] LOG:  could not receive data from client: An existing connection was forcibly closed by the remote host.
	
2026-03-06 12:56:42.630 IST [47724] LOG:  could not receive data from client: An existing connection was forcibly closed by the remote host.
	
2026-03-06 12:56:42.630 IST [42200] LOG:  could not receive data from client: An existing connection was forcibly closed by the remote host.
	
2026-03-06 12:56:42.630 IST [47436] LOG:  could not receive data from client: An existing connection was forcibly closed by the remote host.
	
2026-03-06 12:56:42.630 IST [46528] LOG:  could not receive data from client: An existing connection was forcibly closed by the remote host.
	
2026-03-06 12:59:37.527 IST [48256] LOG:  could not receive data from client: An existing connection was forcibly closed by the remote host.
	
2026-03-06 12:59:37.527 IST [30572] LOG:  could not receive data from client: An existing connection was forcibly closed by the remote host.
	
2026-03-06 12:59:37.527 IST [46700] LOG:  could not receive data from client: An existing connection was forcibly closed by the remote host.
	
2026-03-06 12:59:37.528 IST [31728] LOG:  could not receive data from client: An existing connection was forcibly closed by the remote host.
	
2026-03-06 13:25:46.124 IST [27788] LOG:  could not receive data from client: An existing connection was forcibly closed by the remote host.
	
2026-03-06 13:25:46.124 IST [36028] LOG:  could not receive data from client: An existing connection was forcibly closed by the remote host.
	
2026-03-06 13:25:46.124 IST [43892] LOG:  could not receive data from client: An existing connection was forcibly closed by the remote host.
	
2026-03-06 13:25:46.124 IST [50516] LOG:  could not receive data from client: An existing connection was forcibly closed by the remote host.
	
2026-03-06 13:26:10.408 IST [51044] LOG:  could not receive data from client: An existing connection was forcibly closed by the remote host.
	
2026-03-06 13:27:10.689 IST [44224] LOG:  could not receive data from client: An existing connection was forcibly closed by the remote host.
	
2026-03-06 13:42:57.863 IST [38376] LOG:  could not receive data from client: An existing connection was forcibly closed by the remote host.
	
2026-03-06 13:42:57.864 IST [9176] LOG:  could not receive data from client: An existing connection was forcibly closed by the remote host.
	
2026-03-06 13:42:57.864 IST [44660] LOG:  could not receive data from client: An existing connection was forcibly closed by the remote host.
	
2026-03-06 14:04:28.414 IST [36660] LOG:  could not receive data from client: An existing connection was forcibly closed by the remote host.
	
2026-03-06 14:04:28.415 IST [13444] LOG:  could not receive data from client: An existing connection was forcibly closed by the remote host.
	
2026-03-06 14:04:28.415 IST [40644] LOG:  could not receive data from client: An existing connection was forcibly closed by the remote host.
	
2026-03-06 14:04:28.415 IST [41144] LOG:  could not receive data from client: An existing connection was forcibly closed by the remote host.
	
2026-03-06 21:53:25.344 IST [42096] LOG:  could not receive data from client: An existing connection was forcibly closed by the remote host.
	
2026-03-07 02:37:59.200 IST [45296] LOG:  could not receive data from client: An existing connection was forcibly closed by the remote host.
	
2026-03-07 02:37:59.200 IST [32376] LOG:  could not receive data from client: An existing connection was forcibly closed by the remote host.
	
2026-03-07 02:37:59.200 IST [32380] LOG:  could not receive data from client: An existing connection was forcibly closed by the remote host.
	
2026-03-07 02:37:59.200 IST [11236] LOG:  could not receive data from client: An existing connection was forcibly closed by the remote host.
	
2026-03-07 02:37:59.200 IST [46588] LOG:  could not receive data from client: An existing connection was forcibly closed by the remote host.
	
2026-03-07 02:37:59.200 IST [36756] LOG:  could not receive data from client: An existing connection was forcibly closed by the remote host.
	
2026-03-07 02:43:18.488 IST [33568] LOG:  checkpoint starting: time
2026-03-07 02:43:18.616 IST [33568] LOG:  checkpoint complete: wrote 1 buffers (0.0%), wrote 0 SLRU buffers; 0 WAL file(s) added, 0 removed, 0 recycled; write=0.103 s, sync=0.003 s, total=0.129 s; sync files=1, longest=0.003 s, average=0.003 s; distance=0 kB, estimate=9 kB; lsn=0/20E51C8, redo lsn=0/20E5170
2026-03-07 15:24:43.795 IST [49956] LOG:  could not receive data from client: An existing connection was forcibly closed by the remote host.
	
2026-03-07 15:24:43.796 IST [3752] LOG:  could not receive data from client: An existing connection was forcibly closed by the remote host.
	
2026-03-07 15:24:43.796 IST [15828] LOG:  could not receive data from client: An existing connection was forcibly closed by the remote host.
	
2026-03-07 15:24:43.796 IST [51856] LOG:  could not receive data from client: An existing connection was forcibly closed by the remote host.
	
2026-03-07 15:24:43.796 IST [42036] LOG:  could not receive data from client: An existing connection was forcibly closed by the remote host.
	
2026-03-07 15:24:43.796 IST [12028] LOG:  could not receive data from client: An existing connection was forcibly closed by the remote host.
	
2026-03-07 23:34:42.468 IST [2800] LOG:  background worker "logical replication launcher" (PID 36224) was terminated by exception 0x40010004
2026-03-07 23:34:42.468 IST [2800] HINT:  See C include file "ntstatus.h" for a description of the hexadecimal value.
2026-03-07 23:34:42.469 IST [2800] LOG:  terminating any other active server processes
2026-03-07 23:34:42.518 IST [2800] LOG:  all server processes terminated; reinitializing
2026-03-07 23:34:42.611 IST [2800] LOG:  startup process (PID 35644) was terminated by exception 0xC000026B
2026-03-07 23:34:42.611 IST [2800] HINT:  See C include file "ntstatus.h" for a description of the hexadecimal value.
2026-03-07 23:34:42.611 IST [2800] LOG:  aborting startup due to startup process failure
2026-03-07 23:34:42.616 IST [2800] LOG:  database system is shut down
2026-03-10 09:56:50.905 IST [41104] LOG:  starting PostgreSQL 18.1 on x86_64-windows, compiled by msvc-19.44.35219, 64-bit
2026-03-10 09:56:50.908 IST [41104] LOG:  listening on IPv6 address "::1", port 5431
2026-03-10 09:56:50.908 IST [41104] LOG:  listening on IPv4 address "127.0.0.1", port 5431
2026-03-10 09:56:50.955 IST [43056] LOG:  database system was interrupted; last known up at 2026-03-07 02:43:18 IST
2026-03-10 09:56:53.956 IST [43056] LOG:  database system was not properly shut down; automatic recovery in progress
2026-03-10 09:56:53.964 IST [43056] LOG:  redo starts at 0/20E5170
2026-03-10 09:56:53.964 IST [43056] LOG:  invalid record length at 0/20E5278: expected at least 24, got 0
2026-03-10 09:56:53.964 IST [43056] LOG:  redo done at 0/20E5240 system usage: CPU: user: 0.00 s, system: 0.00 s, elapsed: 0.00 s
2026-03-10 09:56:53.974 IST [37260] LOG:  checkpoint starting: end-of-recovery immediate wait
2026-03-10 09:56:53.996 IST [37260] LOG:  checkpoint complete: wrote 0 buffers (0.0%), wrote 3 SLRU buffers; 0 WAL file(s) added, 0 removed, 0 recycled; write=0.003 s, sync=0.003 s, total=0.027 s; sync files=2, longest=0.002 s, average=0.002 s; distance=0 kB, estimate=0 kB; lsn=0/20E5278, redo lsn=0/20E5278
2026-03-10 09:56:54.008 IST [41104] LOG:  database system is ready to accept connections
2026-03-10 10:06:38.294 IST [41104] LOG:  client backend (PID 34456) was terminated by exception 0xC000013A
2026-03-10 10:06:38.294 IST [41104] DETAIL:  Failed process was running: SELECT "public"."FooterConfig"."id", "public"."FooterConfig"."sectionTitle", "public"."FooterConfig"."displayOrder", "public"."FooterConfig"."isActive", "public"."FooterConfig"."createdAt", "public"."FooterConfig"."updatedAt" FROM "public"."FooterConfig" WHERE "public"."FooterConfig"."isActive" = $1 ORDER BY "public"."FooterConfig"."displayOrder" ASC OFFSET $2
2026-03-10 10:06:38.294 IST [41104] HINT:  See C include file "ntstatus.h" for a description of the hexadecimal value.
2026-03-10 10:06:38.294 IST [41104] LOG:  terminating any other active server processes
2026-03-10 10:06:38.303 IST [41104] LOG:  all server processes terminated; reinitializing
^C